{"C:\\Users\\extwe\\Downloads\\DataGridFetchingPosts\\src\\FetchingData.tsx": {"path":"C:\\Users\\extwe\\Downloads\\DataGridFetchingPosts\\src\\FetchingData.tsx","statementMap":{"0":{"start":{"line":6,"column":21},"end":{"line":55,"column":1}},"1":{"start":{"line":7,"column":26},"end":{"line":7,"column":43}},"2":{"start":{"line":8,"column":26},"end":{"line":8,"column":42}},"3":{"start":{"line":9,"column":30},"end":{"line":9,"column":49}},"4":{"start":{"line":10,"column":19},"end":{"line":26,"column":3}},"5":{"start":{"line":12,"column":4},"end":{"line":25,"column":9}},"6":{"start":{"line":17,"column":8},"end":{"line":17,"column":46}},"7":{"start":{"line":18,"column":26},"end":{"line":18,"column":28}},"8":{"start":{"line":19,"column":8},"end":{"line":22,"column":11}},"9":{"start":{"line":20,"column":10},"end":{"line":20,"column":57}},"10":{"start":{"line":23,"column":8},"end":{"line":23,"column":26}},"11":{"start":{"line":24,"column":8},"end":{"line":24,"column":36}},"12":{"start":{"line":28,"column":2},"end":{"line":31,"column":9}},"13":{"start":{"line":29,"column":4},"end":{"line":29,"column":15}},"14":{"start":{"line":30,"column":4},"end":{"line":30,"column":29}},"15":{"start":{"line":30,"column":17},"end":{"line":30,"column":28}},"16":{"start":{"line":32,"column":2},"end":{"line":39,"column":18}},"17":{"start":{"line":33,"column":4},"end":{"line":38,"column":5}},"18":{"start":{"line":34,"column":20},"end":{"line":36,"column":15}},"19":{"start":{"line":35,"column":8},"end":{"line":35,"column":19}},"20":{"start":{"line":37,"column":6},"end":{"line":37,"column":40}},"21":{"start":{"line":37,"column":19},"end":{"line":37,"column":39}},"22":{"start":{"line":41,"column":2},"end":{"line":54,"column":4}}},"fnMap":{"0":{"name":"(anonymous_0)","decl":{"start":{"line":6,"column":21},"end":{"line":6,"column":22}},"loc":{"start":{"line":6,"column":27},"end":{"line":55,"column":1}},"line":6},"1":{"name":"(anonymous_1)","decl":{"start":{"line":10,"column":19},"end":{"line":10,"column":20}},"loc":{"start":{"line":10,"column":31},"end":{"line":26,"column":3}},"line":10},"2":{"name":"(anonymous_2)","decl":{"start":{"line":16,"column":12},"end":{"line":16,"column":13}},"loc":{"start":{"line":16,"column":26},"end":{"line":25,"column":7}},"line":16},"3":{"name":"(anonymous_3)","decl":{"start":{"line":19,"column":29},"end":{"line":19,"column":30}},"loc":{"start":{"line":19,"column":56},"end":{"line":22,"column":9}},"line":19},"4":{"name":"(anonymous_4)","decl":{"start":{"line":28,"column":12},"end":{"line":28,"column":13}},"loc":{"start":{"line":28,"column":18},"end":{"line":31,"column":3}},"line":28},"5":{"name":"(anonymous_5)","decl":{"start":{"line":30,"column":11},"end":{"line":30,"column":12}},"loc":{"start":{"line":30,"column":17},"end":{"line":30,"column":28}},"line":30},"6":{"name":"(anonymous_6)","decl":{"start":{"line":32,"column":12},"end":{"line":32,"column":13}},"loc":{"start":{"line":32,"column":18},"end":{"line":39,"column":3}},"line":32},"7":{"name":"(anonymous_7)","decl":{"start":{"line":34,"column":32},"end":{"line":34,"column":33}},"loc":{"start":{"line":34,"column":38},"end":{"line":36,"column":7}},"line":34},"8":{"name":"(anonymous_8)","decl":{"start":{"line":37,"column":13},"end":{"line":37,"column":14}},"loc":{"start":{"line":37,"column":19},"end":{"line":37,"column":39}},"line":37}},"branchMap":{"0":{"loc":{"start":{"line":33,"column":4},"end":{"line":38,"column":5}},"type":"if","locations":[{"start":{"line":33,"column":4},"end":{"line":38,"column":5}},{"start":{},"end":{}}],"line":33},"1":{"loc":{"start":{"line":50,"column":7},"end":{"line":52,"column":7}},"type":"binary-expr","locations":[{"start":{"line":50,"column":7},"end":{"line":50,"column":22}},{"start":{"line":51,"column":8},"end":{"line":51,"column":71}}],"line":50}},"s":{"0":1,"1":9,"2":9,"3":9,"4":9,"5":3,"6":3,"7":3,"8":3,"9":3,"10":3,"11":3,"12":9,"13":3,"14":3,"15":3,"16":9,"17":9,"18":6,"19":0,"20":6,"21":6,"22":9},"f":{"0":9,"1":3,"2":3,"3":3,"4":3,"5":3,"6":9,"7":0,"8":6},"b":{"0":[6,3],"1":[9,3]},"_coverageSchema":"1a1c01bbd47fc00a2c39e90264f33305004495a9","hash":"dc53990e9f88f95b49c6e097457673ac5d341418"}
,"C:\\Users\\extwe\\Downloads\\DataGridFetchingPosts\\src\\SendingData.tsx": {"path":"C:\\Users\\extwe\\Downloads\\DataGridFetchingPosts\\src\\SendingData.tsx","statementMap":{"0":{"start":{"line":7,"column":30},"end":{"line":12,"column":1}},"1":{"start":{"line":14,"column":20},"end":{"line":68,"column":1}},"2":{"start":{"line":15,"column":21},"end":{"line":15,"column":34}},"3":{"start":{"line":16,"column":30},"end":{"line":16,"column":47}},"4":{"start":{"line":18,"column":2},"end":{"line":67,"column":4}},"5":{"start":{"line":26,"column":27},"end":{"line":26,"column":52}},"6":{"start":{"line":49,"column":26},"end":{"line":51,"column":45}},"7":{"start":{"line":52,"column":27},"end":{"line":54,"column":45}},"8":{"start":{"line":55,"column":26},"end":{"line":57,"column":45}},"9":{"start":{"line":59,"column":12},"end":{"line":59,"column":40}},"10":{"start":{"line":63,"column":32},"end":{"line":63,"column":75}}},"fnMap":{"0":{"name":"(anonymous_0)","decl":{"start":{"line":14,"column":20},"end":{"line":14,"column":21}},"loc":{"start":{"line":14,"column":57},"end":{"line":68,"column":1}},"line":14},"1":{"name":"(anonymous_1)","decl":{"start":{"line":26,"column":20},"end":{"line":26,"column":21}},"loc":{"start":{"line":26,"column":27},"end":{"line":26,"column":52}},"line":26},"2":{"name":"(anonymous_2)","decl":{"start":{"line":48,"column":30},"end":{"line":48,"column":31}},"loc":{"start":{"line":48,"column":45},"end":{"line":60,"column":11}},"line":48},"3":{"name":"(anonymous_3)","decl":{"start":{"line":63,"column":22},"end":{"line":63,"column":23}},"loc":{"start":{"line":63,"column":32},"end":{"line":63,"column":75}},"line":63}},"branchMap":{"0":{"loc":{"start":{"line":55,"column":26},"end":{"line":57,"column":45}},"type":"binary-expr","locations":[{"start":{"line":55,"column":26},"end":{"line":55,"column":35}},{"start":{"line":55,"column":39},"end":{"line":57,"column":45}}],"line":55},"1":{"loc":{"start":{"line":59,"column":19},"end":{"line":59,"column":40}},"type":"binary-expr","locations":[{"start":{"line":59,"column":19},"end":{"line":59,"column":24}},{"start":{"line":59,"column":28},"end":{"line":59,"column":34}},{"start":{"line":59,"column":37},"end":{"line":59,"column":40}}],"line":59}},"s":{"0":2,"1":2,"2":8,"3":8,"4":8,"5":1,"6":8,"7":8,"8":8,"9":8,"10":1},"f":{"0":8,"1":1,"2":8,"3":1},"b":{"0":[8,8],"1":[8,1,1]},"_coverageSchema":"1a1c01bbd47fc00a2c39e90264f33305004495a9","hash":"a0fef28db254170c082bcdbca417d0699f6c90bb"}
,"C:\\Users\\extwe\\Downloads\\DataGridFetchingPosts\\src\\ShowingData.tsx": {"path":"C:\\Users\\extwe\\Downloads\\DataGridFetchingPosts\\src\\ShowingData.tsx","statementMap":{"0":{"start":{"line":5,"column":20},"end":{"line":24,"column":1}},"1":{"start":{"line":6,"column":25},"end":{"line":6,"column":38}},"2":{"start":{"line":7,"column":21},"end":{"line":7,"column":34}},"3":{"start":{"line":9,"column":2},"end":{"line":23,"column":4}},"4":{"start":{"line":17,"column":33},"end":{"line":17,"column":47}}},"fnMap":{"0":{"name":"(anonymous_0)","decl":{"start":{"line":5,"column":20},"end":{"line":5,"column":21}},"loc":{"start":{"line":5,"column":26},"end":{"line":24,"column":1}},"line":5},"1":{"name":"(anonymous_1)","decl":{"start":{"line":17,"column":27},"end":{"line":17,"column":28}},"loc":{"start":{"line":17,"column":33},"end":{"line":17,"column":47}},"line":17}},"branchMap":{},"s":{"0":1,"1":6,"2":6,"3":6,"4":1},"f":{"0":6,"1":1},"b":{},"_coverageSchema":"1a1c01bbd47fc00a2c39e90264f33305004495a9","hash":"9c7246c14027156f5a9ec3578734450718cf4443"}
}
