TN:
SF:src\FetchingData.tsx
FN:6,(anonymous_0)
FN:10,(anonymous_1)
FN:16,(anonymous_2)
FN:19,(anonymous_3)
FN:28,(anonymous_4)
FN:30,(anonymous_5)
FN:32,(anonymous_6)
FN:34,(anonymous_7)
FN:37,(anonymous_8)
FNF:9
FNH:8
FNDA:9,(anonymous_0)
FNDA:3,(anonymous_1)
FNDA:3,(anonymous_2)
FNDA:3,(anonymous_3)
FNDA:3,(anonymous_4)
FNDA:3,(anonymous_5)
FNDA:9,(anonymous_6)
FNDA:0,(anonymous_7)
FNDA:6,(anonymous_8)
DA:6,1
DA:7,9
DA:8,9
DA:9,9
DA:10,9
DA:12,3
DA:17,3
DA:18,3
DA:19,3
DA:20,3
DA:23,3
DA:24,3
DA:28,9
DA:29,3
DA:30,3
DA:32,9
DA:33,9
DA:34,6
DA:35,0
DA:37,6
DA:41,9
LF:21
LH:20
BRDA:33,0,0,6
BRDA:33,0,1,3
BRDA:50,1,0,9
BRDA:50,1,1,3
BRF:4
BRH:4
end_of_record
TN:
SF:src\SendingData.tsx
FN:14,(anonymous_0)
FN:26,(anonymous_1)
FN:48,(anonymous_2)
FN:63,(anonymous_3)
FNF:4
FNH:4
FNDA:8,(anonymous_0)
FNDA:1,(anonymous_1)
FNDA:8,(anonymous_2)
FNDA:1,(anonymous_3)
DA:7,2
DA:14,2
DA:15,8
DA:16,8
DA:18,8
DA:26,1
DA:49,8
DA:52,8
DA:55,8
DA:59,8
DA:63,1
LF:11
LH:11
BRDA:55,0,0,8
BRDA:55,0,1,8
BRDA:59,1,0,8
BRDA:59,1,1,1
BRDA:59,1,2,1
BRF:5
BRH:5
end_of_record
TN:
SF:src\ShowingData.tsx
FN:5,(anonymous_0)
FN:17,(anonymous_1)
FNF:2
FNH:2
FNDA:6,(anonymous_0)
FNDA:1,(anonymous_1)
DA:5,1
DA:6,6
DA:7,6
DA:9,6
DA:17,1
LF:5
LH:5
BRF:0
BRH:0
end_of_record
